<?xml version="1.0" encoding="UTF-8" ?>
<testsuite errors="0" failures="0" hostname="ubuntu" name="Thalia.testCases" skipped="0" tests="23" time="0.054" timestamp="2017-11-28T06:44:39">
  <properties>
[...]
</properties>
  <testcase classname="Thalia.testCases" name="test_initTheater" time="0.004" />
  <testcase classname="Thalia.testCases" name="test_nullShow" time="0.001" />
  <testcase classname="Thalia.testCases" name="test_nullOrder" time="0.0" />
  <testcase classname="Thalia.testCases" name="test_nullSection" time="0.0" />
  <testcase classname="Thalia.testCases" name="test_nullTicket" time="0.0" />
  <testcase classname="Thalia.testCases" name="test_nullSubD" time="0.0" />
  <testcase classname="Thalia.testCases" name="test_createShow" time="0.0" />
  <testcase classname="Thalia.testCases" name="test_getShowDetail" time="0.001" />
  <testcase classname="Thalia.testCases" name="test_getAllShows" time="0.0" />
  <testcase classname="Thalia.testCases" name="test_getSpecificSection" time="0.0" />
  <testcase classname="Thalia.testCases" name="nullSectons" time="0.001" />
  <testcase classname="Thalia.testCases" name="test_createSections" time="0.0" />
  <testcase classname="Thalia.testCases" name="test_getAllSections" time="0.0" />
  <testcase classname="Thalia.testCases" name="test_createSeats" time="0.0" />
  <testcase classname="Thalia.testCases" name="test_createSeating" time="0.0" />
  <testcase classname="Thalia.testCases" name="test_getSectionDetail" time="0.0" />
  <testcase classname="Thalia.testCases" name="test_createOrder" time="0.0" />
  <testcase classname="Thalia.testCases" name="test_getAllOrders" time="0.0" />
  <testcase classname="Thalia.testCases" name="test_getOrderDetail" time="0.0" />
  <testcase classname="Thalia.testCases" name="test_createTicket" time="0.001" />
  <testcase classname="Thalia.testCases" name="test_getAllTickets" time="0.0" />
  <testcase classname="Thalia.testCases" name="test_autoShows" time="0.0" />
  <testcase classname="Thalia.testCases" name="test_createSub" time="0.0" />
  <system-out><![CDATA[]]></system-out>
  <system-err><![CDATA[]]></system-err>
</testsuite>
