<?xml version="1.0" encoding="UTF-8" ?>
<testsuites>
  <testsuite errors="0" failures="0" hostname="Yanis-MacBook-Pro-2.local" id="0" name="testCases" package="Thalia" skipped="0" tests="23" time="0.116" timestamp="2017-11-24T02:50:07">
      <properties>
[...]
</properties>

      <testcase classname="Thalia.testCases" name="test_initTheater" time="0.006" />

      <testcase classname="Thalia.testCases" name="test_nullShow" time="0.001" />

      <testcase classname="Thalia.testCases" name="test_nullOrder" time="0.001" />

      <testcase classname="Thalia.testCases" name="test_nullSection" time="0.0" />

      <testcase classname="Thalia.testCases" name="test_nullTicket" time="0.001" />

      <testcase classname="Thalia.testCases" name="test_nullSubD" time="0.001" />

      <testcase classname="Thalia.testCases" name="test_createShow" time="0.001" />

      <testcase classname="Thalia.testCases" name="test_getShowDetail" time="0.001" />

      <testcase classname="Thalia.testCases" name="test_getAllShows" time="0.0" />

      <testcase classname="Thalia.testCases" name="test_getSpecificSection" time="0.0" />

      <testcase classname="Thalia.testCases" name="nullSectons" time="0.0" />

      <testcase classname="Thalia.testCases" name="test_createSections" time="0.0" />

      <testcase classname="Thalia.testCases" name="test_getAllSections" time="0.001" />

      <testcase classname="Thalia.testCases" name="test_createSeats" time="0.001" />

      <testcase classname="Thalia.testCases" name="test_createSeating" time="0.001" />

      <testcase classname="Thalia.testCases" name="test_getSectionDetail" time="0.002" />

      <testcase classname="Thalia.testCases" name="test_createOrder" time="0.001" />

      <testcase classname="Thalia.testCases" name="test_getAllOrders" time="0.0" />

      <testcase classname="Thalia.testCases" name="test_getOrderDetail" time="0.0" />

      <testcase classname="Thalia.testCases" name="test_createTicket" time="0.001" />

      <testcase classname="Thalia.testCases" name="test_getAllTickets" time="0.0" />

      <testcase classname="Thalia.testCases" name="test_autoShows" time="0.001" />

      <testcase classname="Thalia.testCases" name="test_createSub" time="0.001" />

      <system-out><![CDATA[]]></system-out>

      <system-err><![CDATA[]]></system-err>

  </testsuite>
</testsuites>
